信息: 用提供的模式无法找到文件。
子目录或文件 D:\CyYu\Documents\2026\Programs\moonlight-qt-master\build 已经存在。
Checking for SL... no
Checking for EGL... no

jom 1.1.4 - empower your cores

D:\CyYu\Documents\2026\Programs\moonlight-qt-master\moonlight-common-c\moonlight-common-c\src\Platform.c: In function 'setThreadNameWin32':
D:\CyYu\Documents\2026\Programs\moonlight-qt-master\moonlight-common-c\moonlight-common-c\src\Platform.c:41:32: warning: cast between incompatible function types from 'FARPROC' {aka 'long long int (*)()'} to 'HRESULT (*)(void *, const WCHAR *)' {aka 'long int (*)(void *, const short unsigned int *)'} [-Wcast-function-type]
   41 |     setThreadDescriptionFunc = (SetThreadDescription_t)GetProcAddress(GetModuleHandleA("kernel32.dll"), "SetThreadDescription");
      |                                ^
D:\CyYu\Documents\2026\Programs\moonlight-qt-master\moonlight-common-c\moonlight-common-c\src\RtpAudioQueue.c: In function 'validateFecBlockState':
D:\CyYu\Documents\2026\Programs\moonlight-qt-master\moonlight-common-c\moonlight-common-c\src\RtpAudioQueue.c:74:14: warning: unused variable 'lastTs' [-Wunused-variable]
   74 |     uint32_t lastTs = lastBlock->fecHeader.baseTimestamp;
      |              ^~~~~~
D:\CyYu\Documents\2026\Programs\moonlight-qt-master\moonlight-common-c\moonlight-common-c\src\RtpAudioQueue.c:73:14: warning: unused variable 'lastSeqNum' [-Wunused-variable]
   73 |     uint16_t lastSeqNum = lastBlock->fecHeader.baseSequenceNumber;
      |              ^~~~~~~~~~
D:\CyYu\Documents\2026\Programs\moonlight-qt-master\moonlight-common-c\moonlight-common-c\enet\win32.c: In function 'enet_address_set_address':
D:\CyYu\Documents\2026\Programs\moonlight-qt-master\moonlight-common-c\moonlight-common-c\enet\win32.c:154:17: warning: comparison of integer expressions of different signedness: 'socklen_t' {aka 'int'} and 'long long unsigned int' [-Wsign-compare]
  154 |     if (addrlen > sizeof(struct sockaddr_storage))
      |                 ^
D:\CyYu\Documents\2026\Programs\moonlight-qt-master\AntiHooking\antihookingprotection.cpp: In static member function 'static bool AntiHookingProtection::isImageBlacklistedW(LPCWSTR)':
D:\CyYu\Documents\2026\Programs\moonlight-qt-master\AntiHooking\antihookingprotection.cpp:69:27: warning: comparison of integer expressions of different signedness: 'int' and 'long long unsigned int' [-Wsign-compare]
   69 |         for (int i = 0; i < ARRAYSIZE(k_BlacklistedDlls); i++) {
      |                           ^
C:/Qt/Tools/mingw1310_64/bin/../lib/gcc/x86_64-w64-mingw32/13.1.0/../../../../x86_64-w64-mingw32/bin/ld.exe: D:\CyYu\Documents\2026\Programs\moonlight-qt-master\libs\windows\lib\x64/detours.lib(obj.X64/creatwth.obj):(.text$mn+0xd0): undefined reference to `?StringCchLengthA@@YAJPEBD_KPEA_K@Z'
C:/Qt/Tools/mingw1310_64/bin/../lib/gcc/x86_64-w64-mingw32/13.1.0/../../../../x86_64-w64-mingw32/bin/ld.exe: D:\CyYu\Documents\2026\Programs\moonlight-qt-master\libs\windows\lib\x64/detours.lib(obj.X64/creatwth.obj):(.text$mn+0x211): undefined reference to `?StringCchCopyA@@YAJPEAD_KPEBD@Z'
C:/Qt/Tools/mingw1310_64/bin/../lib/gcc/x86_64-w64-mingw32/13.1.0/../../../../x86_64-w64-mingw32/bin/ld.exe: D:\CyYu\Documents\2026\Programs\moonlight-qt-master\libs\windows\lib\x64/detours.lib(obj.X64/creatwth.obj):(.text$mn+0x245): undefined reference to `?StringCchLengthA@@YAJPEBD_KPEA_K@Z'
C:/Qt/Tools/mingw1310_64/bin/../lib/gcc/x86_64-w64-mingw32/13.1.0/../../../../x86_64-w64-mingw32/bin/ld.exe: D:\CyYu\Documents\2026\Programs\moonlight-qt-master\libs\windows\lib\x64/detours.lib(obj.X64/creatwth.obj):(.text$mn+0x1b): undefined reference to `__security_cookie'
C:/Qt/Tools/mingw1310_64/bin/../lib/gcc/x86_64-w64-mingw32/13.1.0/../../../../x86_64-w64-mingw32/bin/ld.exe: D:\CyYu\Documents\2026\Programs\moonlight-qt-master\libs\windows\lib\x64/detours.lib(obj.X64/creatwth.obj):(.text$mn+0x129): undefined reference to `__security_check_cookie'
C:/Qt/Tools/mingw1310_64/bin/../lib/gcc/x86_64-w64-mingw32/13.1.0/../../../../x86_64-w64-mingw32/bin/ld.exe: D:\CyYu\Documents\2026\Programs\moonlight-qt-master\libs\windows\lib\x64/detours.lib(obj.X64/creatwth.obj):(.text$mn+0x1e): undefined reference to `__security_cookie'
C:/Qt/Tools/mingw1310_64/bin/../lib/gcc/x86_64-w64-mingw32/13.1.0/../../../../x86_64-w64-mingw32/bin/ld.exe: D:\CyYu\Documents\2026\Programs\moonlight-qt-master\libs\windows\lib\x64/detours.lib(obj.X64/creatwth.obj):(.text$mn+0x180): undefined reference to `__security_check_cookie'
C:/Qt/Tools/mingw1310_64/bin/../lib/gcc/x86_64-w64-mingw32/13.1.0/../../../../x86_64-w64-mingw32/bin/ld.exe: D:\CyYu\Documents\2026\Programs\moonlight-qt-master\libs\windows\lib\x64/detours.lib(obj.X64/creatwth.obj):(.text$mn+0x19): undefined reference to `__security_cookie'
C:/Qt/Tools/mingw1310_64/bin/../lib/gcc/x86_64-w64-mingw32/13.1.0/../../../../x86_64-w64-mingw32/bin/ld.exe: D:\CyYu\Documents\2026\Programs\moonlight-qt-master\libs\windows\lib\x64/detours.lib(obj.X64/creatwth.obj):(.text$mn+0x187): undefined reference to `__security_check_cookie'
C:/Qt/Tools/mingw1310_64/bin/../lib/gcc/x86_64-w64-mingw32/13.1.0/../../../../x86_64-w64-mingw32/bin/ld.exe: D:\CyYu\Documents\2026\Programs\moonlight-qt-master\libs\windows\lib\x64/detours.lib(obj.X64/creatwth.obj):(.text$mn+0x21): undefined reference to `__security_cookie'
C:/Qt/Tools/mingw1310_64/bin/../lib/gcc/x86_64-w64-mingw32/13.1.0/../../../../x86_64-w64-mingw32/bin/ld.exe: D:\CyYu\Documents\2026\Programs\moonlight-qt-master\libs\windows\lib\x64/detours.lib(obj.X64/creatwth.obj):(.text$mn+0x530): undefined reference to `__security_check_cookie'
C:/Qt/Tools/mingw1310_64/bin/../lib/gcc/x86_64-w64-mingw32/13.1.0/../../../../x86_64-w64-mingw32/bin/ld.exe: D:\CyYu\Documents\2026\Programs\moonlight-qt-master\libs\windows\lib\x64/detours.lib(obj.X64/creatwth.obj):(.text$mn+0x1e): undefined reference to `__security_cookie'
C:/Qt/Tools/mingw1310_64/bin/../lib/gcc/x86_64-w64-mingw32/13.1.0/../../../../x86_64-w64-mingw32/bin/ld.exe: D:\CyYu\Documents\2026\Programs\moonlight-qt-master\libs\windows\lib\x64/detours.lib(obj.X64/creatwth.obj):(.text$mn+0x3ed): undefined reference to `?ULongMult@@YAJKKPEAK@Z'
C:/Qt/Tools/mingw1310_64/bin/../lib/gcc/x86_64-w64-mingw32/13.1.0/../../../../x86_64-w64-mingw32/bin/ld.exe: D:\CyYu\Documents\2026\Programs\moonlight-qt-master\libs\windows\lib\x64/detours.lib(obj.X64/creatwth.obj):(.text$mn+0x414): undefined reference to `?ULongAdd@@YAJKKPEAK@Z'
C:/Qt/Tools/mingw1310_64/bin/../lib/gcc/x86_64-w64-mingw32/13.1.0/../../../../x86_64-w64-mingw32/bin/ld.exe: D:\CyYu\Documents\2026\Programs\moonlight-qt-master\libs\windows\lib\x64/detours.lib(obj.X64/creatwth.obj):(.text$mn+0x458): undefined reference to `?ULongMult@@YAJKKPEAK@Z'
C:/Qt/Tools/mingw1310_64/bin/../lib/gcc/x86_64-w64-mingw32/13.1.0/../../../../x86_64-w64-mingw32/bin/ld.exe: D:\CyYu\Documents\2026\Programs\moonlight-qt-master\libs\windows\lib\x64/detours.lib(obj.X64/creatwth.obj):(.text$mn+0x479): undefined reference to `?ULongAdd@@YAJKKPEAK@Z'
C:/Qt/Tools/mingw1310_64/bin/../lib/gcc/x86_64-w64-mingw32/13.1.0/../../../../x86_64-w64-mingw32/bin/ld.exe: D:\CyYu\Documents\2026\Programs\moonlight-qt-master\libs\windows\lib\x64/detours.lib(obj.X64/creatwth.obj):(.text$mn+0x4e4): undefined reference to `?ULongAdd@@YAJKKPEAK@Z'
C:/Qt/Tools/mingw1310_64/bin/../lib/gcc/x86_64-w64-mingw32/13.1.0/../../../../x86_64-w64-mingw32/bin/ld.exe: D:\CyYu\Documents\2026\Programs\moonlight-qt-master\libs\windows\lib\x64/detours.lib(obj.X64/creatwth.obj):(.text$mn+0x6f5): undefined reference to `?StringCchCopyA@@YAJPEAD_KPEBD@Z'
C:/Qt/Tools/mingw1310_64/bin/../lib/gcc/x86_64-w64-mingw32/13.1.0/../../../../x86_64-w64-mingw32/bin/ld.exe: D:\CyYu\Documents\2026\Programs\moonlight-qt-master\libs\windows\lib\x64/detours.lib(obj.X64/creatwth.obj):(.text$mn+0xa57): undefined reference to `__security_check_cookie'
C:/Qt/Tools/mingw1310_64/bin/../lib/gcc/x86_64-w64-mingw32/13.1.0/../../../../x86_64-w64-mingw32/bin/ld.exe: D:\CyYu\Documents\2026\Programs\moonlight-qt-master\libs\windows\lib\x64/detours.lib(obj.X64/creatwth.obj):(.text$mn+0x20): undefined reference to `__security_cookie'
C:/Qt/Tools/mingw1310_64/bin/../lib/gcc/x86_64-w64-mingw32/13.1.0/../../../../x86_64-w64-mingw32/bin/ld.exe: D:\CyYu\Documents\2026\Programs\moonlight-qt-master\libs\windows\lib\x64/detours.lib(obj.X64/creatwth.obj):(.text$mn+0x3c9): undefined reference to `__security_check_cookie'
C:/Qt/Tools/mingw1310_64/bin/../lib/gcc/x86_64-w64-mingw32/13.1.0/../../../../x86_64-w64-mingw32/bin/ld.exe: D:\CyYu\Documents\2026\Programs\moonlight-qt-master\libs\windows\lib\x64/detours.lib(obj.X64/creatwth.obj):(.text$mn+0x19): undefined reference to `__security_cookie'
C:/Qt/Tools/mingw1310_64/bin/../lib/gcc/x86_64-w64-mingw32/13.1.0/../../../../x86_64-w64-mingw32/bin/ld.exe: D:\CyYu\Documents\2026\Programs\moonlight-qt-master\libs\windows\lib\x64/detours.lib(obj.X64/creatwth.obj):(.text$mn+0xf2): undefined reference to `__security_check_cookie'
C:/Qt/Tools/mingw1310_64/bin/../lib/gcc/x86_64-w64-mingw32/13.1.0/../../../../x86_64-w64-mingw32/bin/ld.exe: D:\CyYu\Documents\2026\Programs\moonlight-qt-master\libs\windows\lib\x64/detours.lib(obj.X64/creatwth.obj):(.text$mn+0x136): undefined reference to `?StringCchLengthA@@YAJPEBD_KPEA_K@Z'
C:/Qt/Tools/mingw1310_64/bin/../lib/gcc/x86_64-w64-mingw32/13.1.0/../../../../x86_64-w64-mingw32/bin/ld.exe: D:\CyYu\Documents\2026\Programs\moonlight-qt-master\libs\windows\lib\x64/detours.lib(obj.X64/creatwth.obj):(.text$mn+0x1c): undefined reference to `__security_cookie'
C:/Qt/Tools/mingw1310_64/bin/../lib/gcc/x86_64-w64-mingw32/13.1.0/../../../../x86_64-w64-mingw32/bin/ld.exe: D:\CyYu\Documents\2026\Programs\moonlight-qt-master\libs\windows\lib\x64/detours.lib(obj.X64/creatwth.obj):(.text$mn+0xe7): undefined reference to `?StringCchCatA@@YAJPEAD_KPEBD@Z'
C:/Qt/Tools/mingw1310_64/bin/../lib/gcc/x86_64-w64-mingw32/13.1.0/../../../../x86_64-w64-mingw32/bin/ld.exe: D:\CyYu\Documents\2026\Programs\moonlight-qt-master\libs\windows\lib\x64/detours.lib(obj.X64/creatwth.obj):(.text$mn+0x12b): undefined reference to `?StringCchPrintfA@@YAJPEAD_KPEBDZZ'
C:/Qt/Tools/mingw1310_64/bin/../lib/gcc/x86_64-w64-mingw32/13.1.0/../../../../x86_64-w64-mingw32/bin/ld.exe: D:\CyYu\Documents\2026\Programs\moonlight-qt-master\libs\windows\lib\x64/detours.lib(obj.X64/creatwth.obj):(.text$mn+0x290): undefined reference to `__security_check_cookie'
C:/Qt/Tools/mingw1310_64/bin/../lib/gcc/x86_64-w64-mingw32/13.1.0/../../../../x86_64-w64-mingw32/bin/ld.exe: D:\CyYu\Documents\2026\Programs\moonlight-qt-master\libs\windows\lib\x64/detours.lib(obj.X64/creatwth.obj):(.text$mn+0x1c): undefined reference to `__security_cookie'
C:/Qt/Tools/mingw1310_64/bin/../lib/gcc/x86_64-w64-mingw32/13.1.0/../../../../x86_64-w64-mingw32/bin/ld.exe: D:\CyYu\Documents\2026\Programs\moonlight-qt-master\libs\windows\lib\x64/detours.lib(obj.X64/creatwth.obj):(.text$mn+0xe7): undefined reference to `?StringCchCatW@@YAJPEA_W_KPEB_W@Z'
C:/Qt/Tools/mingw1310_64/bin/../lib/gcc/x86_64-w64-mingw32/13.1.0/../../../../x86_64-w64-mingw32/bin/ld.exe: D:\CyYu\Documents\2026\Programs\moonlight-qt-master\libs\windows\lib\x64/detours.lib(obj.X64/creatwth.obj):(.text$mn+0x179): undefined reference to `?StringCchPrintfW@@YAJPEA_W_KPEB_WZZ'
C:/Qt/Tools/mingw1310_64/bin/../lib/gcc/x86_64-w64-mingw32/13.1.0/../../../../x86_64-w64-mingw32/bin/ld.exe: D:\CyYu\Documents\2026\Programs\moonlight-qt-master\libs\windows\lib\x64/detours.lib(obj.X64/creatwth.obj):(.text$mn+0x2de): undefined reference to `__security_check_cookie'
C:/Qt/Tools/mingw1310_64/bin/../lib/gcc/x86_64-w64-mingw32/13.1.0/../../../../x86_64-w64-mingw32/bin/ld.exe: D:\CyYu\Documents\2026\Programs\moonlight-qt-master\libs\windows\lib\x64/detours.lib(obj.X64/creatwth.obj):(.text$mn+0x19): undefined reference to `__security_cookie'
C:/Qt/Tools/mingw1310_64/bin/../lib/gcc/x86_64-w64-mingw32/13.1.0/../../../../x86_64-w64-mingw32/bin/ld.exe: D:\CyYu\Documents\2026\Programs\moonlight-qt-master\libs\windows\lib\x64/detours.lib(obj.X64/creatwth.obj):(.text$mn+0x104): undefined reference to `__security_check_cookie'
C:/Qt/Tools/mingw1310_64/bin/../lib/gcc/x86_64-w64-mingw32/13.1.0/../../../../x86_64-w64-mingw32/bin/ld.exe: D:\CyYu\Documents\2026\Programs\moonlight-qt-master\libs\windows\lib\x64/detours.lib(obj.X64/creatwth.obj):(.text$mn+0x1e): undefined reference to `__security_cookie'
C:/Qt/Tools/mingw1310_64/bin/../lib/gcc/x86_64-w64-mingw32/13.1.0/../../../../x86_64-w64-mingw32/bin/ld.exe: D:\CyYu\Documents\2026\Programs\moonlight-qt-master\libs\windows\lib\x64/detours.lib(obj.X64/creatwth.obj):(.text$mn+0x2c2): undefined reference to `__security_check_cookie'
C:/Qt/Tools/mingw1310_64/bin/../lib/gcc/x86_64-w64-mingw32/13.1.0/../../../../x86_64-w64-mingw32/bin/ld.exe: D:\CyYu\Documents\2026\Programs\moonlight-qt-master\libs\windows\lib\x64/detours.lib(obj.X64/creatwth.obj):(.xdata[$unwind$DetourFindRemotePayload]+0x8): undefined reference to `__GSHandlerCheck'
C:/Qt/Tools/mingw1310_64/bin/../lib/gcc/x86_64-w64-mingw32/13.1.0/../../../../x86_64-w64-mingw32/bin/ld.exe: D:\CyYu\Documents\2026\Programs\moonlight-qt-master\libs\windows\lib\x64/detours.lib(obj.X64/creatwth.obj):(.xdata[$unwind$DetourProcessViaHelperDllsA]+0x8): undefined reference to `__GSHandlerCheck'
C:/Qt/Tools/mingw1310_64/bin/../lib/gcc/x86_64-w64-mingw32/13.1.0/../../../../x86_64-w64-mingw32/bin/ld.exe: D:\CyYu\Documents\2026\Programs\moonlight-qt-master\libs\windows\lib\x64/detours.lib(obj.X64/creatwth.obj):(.xdata[$unwind$DetourProcessViaHelperDllsW]+0x8): undefined reference to `__GSHandlerCheck'
C:/Qt/Tools/mingw1310_64/bin/../lib/gcc/x86_64-w64-mingw32/13.1.0/../../../../x86_64-w64-mingw32/bin/ld.exe: D:\CyYu\Documents\2026\Programs\moonlight-qt-master\libs\windows\lib\x64/detours.lib(obj.X64/creatwth.obj):(.xdata[$unwind$DetourUpdateProcessWithDll]+0x8): undefined reference to `__GSHandlerCheck'
C:/Qt/Tools/mingw1310_64/bin/../lib/gcc/x86_64-w64-mingw32/13.1.0/../../../../x86_64-w64-mingw32/bin/ld.exe: D:\CyYu\Documents\2026\Programs\moonlight-qt-master\libs\windows\lib\x64/detours.lib(obj.X64/creatwth.obj):(.xdata[$unwind$DetourUpdateProcessWithDllEx]+0x8): undefined reference to `__GSHandlerCheck'
C:/Qt/Tools/mingw1310_64/bin/../lib/gcc/x86_64-w64-mingw32/13.1.0/../../../../x86_64-w64-mingw32/bin/ld.exe: D:\CyYu\Documents\2026\Programs\moonlight-qt-master\libs\windows\lib\x64/detours.lib(obj.X64/creatwth.obj):(.xdata[$unwind$DetourCopyPayloadToProcessEx]+0xc): more undefined references to `__GSHandlerCheck' follow
C:/Qt/Tools/mingw1310_64/bin/../lib/gcc/x86_64-w64-mingw32/13.1.0/../../../../x86_64-w64-mingw32/bin/ld.exe: D:\CyYu\Documents\2026\Programs\moonlight-qt-master\libs\windows\lib\x64/detours.lib(obj.X64/modules.obj):(.text$mn+0x14): undefined reference to `__security_cookie'
C:/Qt/Tools/mingw1310_64/bin/../lib/gcc/x86_64-w64-mingw32/13.1.0/../../../../x86_64-w64-mingw32/bin/ld.exe: D:\CyYu\Documents\2026\Programs\moonlight-qt-master\libs\windows\lib\x64/detours.lib(obj.X64/modules.obj):(.text$mn+0x149): undefined reference to `?StringCchCopyA@@YAJPEAD_KPEBD@Z'
C:/Qt/Tools/mingw1310_64/bin/../lib/gcc/x86_64-w64-mingw32/13.1.0/../../../../x86_64-w64-mingw32/bin/ld.exe: D:\CyYu\Documents\2026\Programs\moonlight-qt-master\libs\windows\lib\x64/detours.lib(obj.X64/modules.obj):(.text$mn+0x174): undefined reference to `?StringCchCatA@@YAJPEAD_KPEBD@Z'
C:/Qt/Tools/mingw1310_64/bin/../lib/gcc/x86_64-w64-mingw32/13.1.0/../../../../x86_64-w64-mingw32/bin/ld.exe: D:\CyYu\Documents\2026\Programs\moonlight-qt-master\libs\windows\lib\x64/detours.lib(obj.X64/modules.obj):(.text$mn+0x19d): undefined reference to `?StringCchCatA@@YAJPEAD_KPEBD@Z'
C:/Qt/Tools/mingw1310_64/bin/../lib/gcc/x86_64-w64-mingw32/13.1.0/../../../../x86_64-w64-mingw32/bin/ld.exe: D:\CyYu\Documents\2026\Programs\moonlight-qt-master\libs\windows\lib\x64/detours.lib(obj.X64/modules.obj):(.text$mn+0x20e): undefined reference to `__security_check_cookie'
C:/Qt/Tools/mingw1310_64/bin/../lib/gcc/x86_64-w64-mingw32/13.1.0/../../../../x86_64-w64-mingw32/bin/ld.exe: D:\CyYu\Documents\2026\Programs\moonlight-qt-master\libs\windows\lib\x64/detours.lib(obj.X64/modules.obj):(.xdata[$unwind$DetourFindFunction]+0x8): undefined reference to `__GSHandlerCheck'
C:/Qt/Tools/mingw1310_64/bin/../lib/gcc/x86_64-w64-mingw32/13.1.0/../../../../x86_64-w64-mingw32/bin/ld.exe: D:\CyYu\Documents\2026\Programs\moonlight-qt-master\libs\windows\lib\x64/detours.lib(obj.X64/detours.obj):(.text$mn+0x19): undefined reference to `?detour_find_jmp_bounds@@YAXPEAEPEAPEAU_DETOUR_TRAMPOLINE@@1@Z'
C:/Qt/Tools/mingw1310_64/bin/../lib/gcc/x86_64-w64-mingw32/13.1.0/../../../../x86_64-w64-mingw32/bin/ld.exe: D:\CyYu\Documents\2026\Programs\moonlight-qt-master\libs\windows\lib\x64/detours.lib(obj.X64/detours.obj):(.text$mn+0x1e): undefined reference to `?detour_find_jmp_bounds@@YAXPEAEPEAPEAU_DETOUR_TRAMPOLINE@@1@Z'
C:/Qt/Tools/mingw1310_64/bin/../lib/gcc/x86_64-w64-mingw32/13.1.0/../../../../x86_64-w64-mingw32/bin/ld.exe: D:\CyYu\Documents\2026\Programs\moonlight-qt-master\libs\windows\lib\x64/detours.lib(obj.X64/detours.obj):(.text$mn+0x238): undefined reference to `??3@YAXPEAX_K@Z'
C:/Qt/Tools/mingw1310_64/bin/../lib/gcc/x86_64-w64-mingw32/13.1.0/../../../../x86_64-w64-mingw32/bin/ld.exe: D:\CyYu\Documents\2026\Programs\moonlight-qt-master\libs\windows\lib\x64/detours.lib(obj.X64/detours.obj):(.text$mn+0x42d): undefined reference to `?detour_does_code_end_function@@YAHPEAE@Z'
C:/Qt/Tools/mingw1310_64/bin/../lib/gcc/x86_64-w64-mingw32/13.1.0/../../../../x86_64-w64-mingw32/bin/ld.exe: D:\CyYu\Documents\2026\Programs\moonlight-qt-master\libs\windows\lib\x64/detours.lib(obj.X64/detours.obj):(.text$mn+0x44c): undefined reference to `?detour_is_code_filler@@YAKPEAE@Z'
C:/Qt/Tools/mingw1310_64/bin/../lib/gcc/x86_64-w64-mingw32/13.1.0/../../../../x86_64-w64-mingw32/bin/ld.exe: D:\CyYu\Documents\2026\Programs\moonlight-qt-master\libs\windows\lib\x64/detours.lib(obj.X64/detours.obj):(.text$mn+0x582): undefined reference to `?detour_gen_jmp_indirect@@YAPEAEPEAEPEAPEAE@Z'
C:/Qt/Tools/mingw1310_64/bin/../lib/gcc/x86_64-w64-mingw32/13.1.0/../../../../x86_64-w64-mingw32/bin/ld.exe: D:\CyYu\Documents\2026\Programs\moonlight-qt-master\libs\windows\lib\x64/detours.lib(obj.X64/detours.obj):(.text$mn+0x599): undefined reference to `?detour_gen_brk@@YAPEAEPEAE0@Z'
C:/Qt/Tools/mingw1310_64/bin/../lib/gcc/x86_64-w64-mingw32/13.1.0/../../../../x86_64-w64-mingw32/bin/ld.exe: D:\CyYu\Documents\2026\Programs\moonlight-qt-master\libs\windows\lib\x64/detours.lib(obj.X64/detours.obj):(.text$mn+0x19): undefined reference to `?detour_skip_jmp@@YAPEAEPEAEPEAPEAX@Z'
C:/Qt/Tools/mingw1310_64/bin/../lib/gcc/x86_64-w64-mingw32/13.1.0/../../../../x86_64-w64-mingw32/bin/ld.exe: D:\CyYu\Documents\2026\Programs\moonlight-qt-master\libs\windows\lib\x64/detours.lib(obj.X64/detours.obj):(.text$mn+0xe7): undefined reference to `??3@YAXPEAX_K@Z'
C:/Qt/Tools/mingw1310_64/bin/../lib/gcc/x86_64-w64-mingw32/13.1.0/../../../../x86_64-w64-mingw32/bin/ld.exe: D:\CyYu\Documents\2026\Programs\moonlight-qt-master\libs\windows\lib\x64/detours.lib(obj.X64/detours.obj):(.text$mn+0xb3): undefined reference to `??3@YAXPEAX_K@Z'
C:/Qt/Tools/mingw1310_64/bin/../lib/gcc/x86_64-w64-mingw32/13.1.0/../../../../x86_64-w64-mingw32/bin/ld.exe: D:\CyYu\Documents\2026\Programs\moonlight-qt-master\libs\windows\lib\x64/detours.lib(obj.X64/detours.obj):(.text$mn+0x11c): undefined reference to `??3@YAXPEAX_K@Z'
C:/Qt/Tools/mingw1310_64/bin/../lib/gcc/x86_64-w64-mingw32/13.1.0/../../../../x86_64-w64-mingw32/bin/ld.exe: D:\CyYu\Documents\2026\Programs\moonlight-qt-master\libs\windows\lib\x64/detours.lib(obj.X64/detours.obj):(.text$mn+0xf): undefined reference to `__security_cookie'
C:/Qt/Tools/mingw1310_64/bin/../lib/gcc/x86_64-w64-mingw32/13.1.0/../../../../x86_64-w64-mingw32/bin/ld.exe: D:\CyYu\Documents\2026\Programs\moonlight-qt-master\libs\windows\lib\x64/detours.lib(obj.X64/detours.obj):(.text$mn+0x108): undefined reference to `?detour_gen_jmp_indirect@@YAPEAEPEAEPEAPEAE@Z'
C:/Qt/Tools/mingw1310_64/bin/../lib/gcc/x86_64-w64-mingw32/13.1.0/../../../../x86_64-w64-mingw32/bin/ld.exe: D:\CyYu\Documents\2026\Programs\moonlight-qt-master\libs\windows\lib\x64/detours.lib(obj.X64/detours.obj):(.text$mn+0x126): undefined reference to `?detour_gen_jmp_immediate@@YAPEAEPEAE0@Z'
C:/Qt/Tools/mingw1310_64/bin/../lib/gcc/x86_64-w64-mingw32/13.1.0/../../../../x86_64-w64-mingw32/bin/ld.exe: D:\CyYu\Documents\2026\Programs\moonlight-qt-master\libs\windows\lib\x64/detours.lib(obj.X64/detours.obj):(.text$mn+0x142): undefined reference to `?detour_gen_brk@@YAPEAEPEAE0@Z'
C:/Qt/Tools/mingw1310_64/bin/../lib/gcc/x86_64-w64-mingw32/13.1.0/../../../../x86_64-w64-mingw32/bin/ld.exe: D:\CyYu\Documents\2026\Programs\moonlight-qt-master\libs\windows\lib\x64/detours.lib(obj.X64/detours.obj):(.text$mn+0x3be): undefined reference to `??3@YAXPEAX_K@Z'
C:/Qt/Tools/mingw1310_64/bin/../lib/gcc/x86_64-w64-mingw32/13.1.0/../../../../x86_64-w64-mingw32/bin/ld.exe: D:\CyYu\Documents\2026\Programs\moonlight-qt-master\libs\windows\lib\x64/detours.lib(obj.X64/detours.obj):(.text$mn+0x43d): undefined reference to `??3@YAXPEAX_K@Z'
C:/Qt/Tools/mingw1310_64/bin/../lib/gcc/x86_64-w64-mingw32/13.1.0/../../../../x86_64-w64-mingw32/bin/ld.exe: D:\CyYu\Documents\2026\Programs\moonlight-qt-master\libs\windows\lib\x64/detours.lib(obj.X64/detours.obj):(.text$mn+0x492): undefined reference to `__security_check_cookie'
C:/Qt/Tools/mingw1310_64/bin/../lib/gcc/x86_64-w64-mingw32/13.1.0/../../../../x86_64-w64-mingw32/bin/ld.exe: D:\CyYu\Documents\2026\Programs\moonlight-qt-master\libs\windows\lib\x64/detours.lib(obj.X64/detours.obj):(.text$mn+0x76): undefined reference to `??3@YAXPEAX_K@Z'
C:/Qt/Tools/mingw1310_64/bin/../lib/gcc/x86_64-w64-mingw32/13.1.0/../../../../x86_64-w64-mingw32/bin/ld.exe: D:\CyYu\Documents\2026\Programs\moonlight-qt-master\libs\windows\lib\x64/detours.lib(obj.X64/detours.obj):(.xdata[$unwind$DetourTransactionCommitEx]+0x8): undefined reference to `__GSHandlerCheck'
C:/Qt/Tools/mingw1310_64/bin/../lib/gcc/x86_64-w64-mingw32/13.1.0/../../../../x86_64-w64-mingw32/bin/ld.exe: D:\CyYu\Documents\2026\Programs\moonlight-qt-master\libs\windows\lib\x64/detours.lib(obj.X64/disasm.obj):(.text$mn+0x1e): undefined reference to `__security_cookie'
C:/Qt/Tools/mingw1310_64/bin/../lib/gcc/x86_64-w64-mingw32/13.1.0/../../../../x86_64-w64-mingw32/bin/ld.exe: D:\CyYu\Documents\2026\Programs\moonlight-qt-master\libs\windows\lib\x64/detours.lib(obj.X64/disasm.obj):(.text$mn+0x6d): undefined reference to `__security_check_cookie'
C:/Qt/Tools/mingw1310_64/bin/../lib/gcc/x86_64-w64-mingw32/13.1.0/../../../../x86_64-w64-mingw32/bin/ld.exe: D:\CyYu\Documents\2026\Programs\moonlight-qt-master\libs\windows\lib\x64/detours.lib(obj.X64/disasm.obj):(.xdata[$unwind$DetourCopyInstruction]+0x8): undefined reference to `__GSHandlerCheck'
collect2.exe: error: ld returned 1 exit status
jom: D:\CyYu\Documents\2026\Programs\moonlight-qt-master\build\build-x64-debug\AntiHooking\Makefile.Debug [debug\AntiHooking.dll] Error 1
jom: D:\CyYu\Documents\2026\Programs\moonlight-qt-master\build\build-x64-debug\AntiHooking\Makefile [debug] Error 2
D:\CyYu\Documents\2026\Programs\moonlight-qt-master\moonlight-common-c\moonlight-common-c\src\VideoDepacketizer.c:380:13: warning: 'isFillerDataNal' defined but not used [-Wunused-function]
  380 | static bool isFillerDataNal(PBUFFER_DESC buffer) {
      |             ^~~~~~~~~~~~~~~
jom: D:\CyYu\Documents\2026\Programs\moonlight-qt-master\build\build-x64-debug\Makefile [sub-AntiHooking-debug] Error 2
