信息: 用提供的模式无法找到文件。
子目录或文件 D:\CyYu\Documents\2026\Programs\moonlight-qt-master\build 已经存在。
Checking for SL... no
Checking for EGL... no

jom 1.1.4 - empower your cores

Project MESSAGE: FFmpeg decoder selected
Project MESSAGE: Vulkan support enabled via libplacebo
Project MESSAGE: DXVA2 and D3D11VA renderers selected
Project MESSAGE: Discord integration enabled
Project MESSAGE: FFmpeg decoder selected
Project MESSAGE: Vulkan support enabled via libplacebo
Project MESSAGE: DXVA2 and D3D11VA renderers selected
Project MESSAGE: Discord integration enabled
Project MESSAGE: FFmpeg decoder selected
Project MESSAGE: Vulkan support enabled via libplacebo
Project MESSAGE: DXVA2 and D3D11VA renderers selected
Project MESSAGE: Discord integration enabled
系统找不到指定的路径。
系统找不到指定的路径。
系统找不到指定的路径。
