信息: 用提供的模式无法找到文件。
子目录或文件 D:\CyYu\Documents\2026\Programs\moonlight-qt-master\build 已经存在。
Checking for SL... no
Checking for EGL... no

jom 1.1.4 - empower your cores

D:\CyYu\Documents\2026\Programs\moonlight-qt-master\AntiHooking\antihookingprotection.cpp: In static member function 'static void AntiHookingProtection::enable()':
D:\CyYu\Documents\2026\Programs\moonlight-qt-master\AntiHooking\antihookingprotection.cpp:22:21: error: no matching function for call to 'DetourAttach(void**, HINSTANCE__* (&)(LPCSTR))'
   22 |         DetourAttach(&(PVOID&)s_RealLoadLibraryA, LoadLibraryAHook);
      |         ~~~~~~~~~~~~^~~~~~~~~~~~~~~~~~~~~~~~~~~~~~~~~~~~~~~~~~~~~~~
In file included from D:\CyYu\Documents\2026\Programs\moonlight-qt-master\AntiHooking\antihookingprotection.cpp:6:
D:/CyYu/Documents/2026/Programs/moonlight-qt-master/libs/windows/include/detours.h:886:6: note: candidate: 'template<class T, typename std::enable_if<DetoursIsFunctionPointer<T>::value, int>::type <anonymous> > LONG DetourAttach(T*, T)'
  886 | LONG DetourAttach(_Inout_ T *ppPointer,
      |      ^~~~~~~~~~~~
D:/CyYu/Documents/2026/Programs/moonlight-qt-master/libs/windows/include/detours.h:886:6: note:   template argument deduction/substitution failed:
D:\CyYu\Documents\2026\Programs\moonlight-qt-master\AntiHooking\antihookingprotection.cpp:22:21: note:   deduced conflicting types for parameter 'T' ('void*' and 'HINSTANCE__* (*)(LPCSTR)' {aka 'HINSTANCE__* (*)(const char*)'})
   22 |         DetourAttach(&(PVOID&)s_RealLoadLibraryA, LoadLibraryAHook);
      |         ~~~~~~~~~~~~^~~~~~~~~~~~~~~~~~~~~~~~~~~~~~~~~~~~~~~~~~~~~~~
D:/CyYu/Documents/2026/Programs/moonlight-qt-master/libs/windows/include/detours.h:570:13: note: candidate: 'LONG DetourAttach(void**, PVOID)' (near match)
  570 | LONG WINAPI DetourAttach(_Inout_ PVOID *ppPointer,
      |             ^~~~~~~~~~~~
D:/CyYu/Documents/2026/Programs/moonlight-qt-master/libs/windows/include/detours.h:570:13: note:   conversion of argument 2 would be ill-formed:
D:\CyYu\Documents\2026\Programs\moonlight-qt-master\AntiHooking\antihookingprotection.cpp:22:21: error: invalid conversion from 'HINSTANCE__* (*)(LPCSTR)' {aka 'HINSTANCE__* (*)(const char*)'} to 'PVOID' {aka 'void*'} [-fpermissive]
   22 |         DetourAttach(&(PVOID&)s_RealLoadLibraryA, LoadLibraryAHook);
      |         ~~~~~~~~~~~~^~~~~~~~~~~~~~~~~~~~~~~~~~~~~~~~~~~~~~~~~~~~~~~
      |                     |
      |                     HINSTANCE__* (*)(LPCSTR) {aka HINSTANCE__* (*)(const char*)}
D:\CyYu\Documents\2026\Programs\moonlight-qt-master\AntiHooking\antihookingprotection.cpp:25:21: error: no matching function for call to 'DetourAttach(void**, HINSTANCE__* (&)(LPCWSTR))'
   25 |         DetourAttach(&(PVOID&)s_RealLoadLibraryW, LoadLibraryWHook);
      |         ~~~~~~~~~~~~^~~~~~~~~~~~~~~~~~~~~~~~~~~~~~~~~~~~~~~~~~~~~~~
D:/CyYu/Documents/2026/Programs/moonlight-qt-master/libs/windows/include/detours.h:886:6: note: candidate: 'template<class T, typename std::enable_if<DetoursIsFunctionPointer<T>::value, int>::type <anonymous> > LONG DetourAttach(T*, T)'
  886 | LONG DetourAttach(_Inout_ T *ppPointer,
      |      ^~~~~~~~~~~~
D:/CyYu/Documents/2026/Programs/moonlight-qt-master/libs/windows/include/detours.h:886:6: note:   template argument deduction/substitution failed:
D:\CyYu\Documents\2026\Programs\moonlight-qt-master\AntiHooking\antihookingprotection.cpp:25:21: note:   deduced conflicting types for parameter 'T' ('void*' and 'HINSTANCE__* (*)(LPCWSTR)' {aka 'HINSTANCE__* (*)(const wchar_t*)'})
   25 |         DetourAttach(&(PVOID&)s_RealLoadLibraryW, LoadLibraryWHook);
      |         ~~~~~~~~~~~~^~~~~~~~~~~~~~~~~~~~~~~~~~~~~~~~~~~~~~~~~~~~~~~
D:/CyYu/Documents/2026/Programs/moonlight-qt-master/libs/windows/include/detours.h:570:13: note: candidate: 'LONG DetourAttach(void**, PVOID)' (near match)
  570 | LONG WINAPI DetourAttach(_Inout_ PVOID *ppPointer,
      |             ^~~~~~~~~~~~
D:/CyYu/Documents/2026/Programs/moonlight-qt-master/libs/windows/include/detours.h:570:13: note:   conversion of argument 2 would be ill-formed:
D:\CyYu\Documents\2026\Programs\moonlight-qt-master\AntiHooking\antihookingprotection.cpp:25:21: error: invalid conversion from 'HINSTANCE__* (*)(LPCWSTR)' {aka 'HINSTANCE__* (*)(const wchar_t*)'} to 'PVOID' {aka 'void*'} [-fpermissive]
   25 |         DetourAttach(&(PVOID&)s_RealLoadLibraryW, LoadLibraryWHook);
      |         ~~~~~~~~~~~~^~~~~~~~~~~~~~~~~~~~~~~~~~~~~~~~~~~~~~~~~~~~~~~
      |                     |
      |                     HINSTANCE__* (*)(LPCWSTR) {aka HINSTANCE__* (*)(const wchar_t*)}
D:\CyYu\Documents\2026\Programs\moonlight-qt-master\AntiHooking\antihookingprotection.cpp:28:21: error: no matching function for call to 'DetourAttach(void**, HINSTANCE__* (&)(LPCSTR, HANDLE, DWORD))'
   28 |         DetourAttach(&(PVOID&)s_RealLoadLibraryExA, LoadLibraryExAHook);
      |         ~~~~~~~~~~~~^~~~~~~~~~~~~~~~~~~~~~~~~~~~~~~~~~~~~~~~~~~~~~~~~~~
D:/CyYu/Documents/2026/Programs/moonlight-qt-master/libs/windows/include/detours.h:886:6: note: candidate: 'template<class T, typename std::enable_if<DetoursIsFunctionPointer<T>::value, int>::type <anonymous> > LONG DetourAttach(T*, T)'
  886 | LONG DetourAttach(_Inout_ T *ppPointer,
      |      ^~~~~~~~~~~~
D:/CyYu/Documents/2026/Programs/moonlight-qt-master/libs/windows/include/detours.h:886:6: note:   template argument deduction/substitution failed:
D:\CyYu\Documents\2026\Programs\moonlight-qt-master\AntiHooking\antihookingprotection.cpp:28:21: note:   deduced conflicting types for parameter 'T' ('void*' and 'HINSTANCE__* (*)(LPCSTR, HANDLE, DWORD)' {aka 'HINSTANCE__* (*)(const char*, void*, long unsigned int)'})
   28 |         DetourAttach(&(PVOID&)s_RealLoadLibraryExA, LoadLibraryExAHook);
      |         ~~~~~~~~~~~~^~~~~~~~~~~~~~~~~~~~~~~~~~~~~~~~~~~~~~~~~~~~~~~~~~~
D:/CyYu/Documents/2026/Programs/moonlight-qt-master/libs/windows/include/detours.h:570:13: note: candidate: 'LONG DetourAttach(void**, PVOID)' (near match)
  570 | LONG WINAPI DetourAttach(_Inout_ PVOID *ppPointer,
      |             ^~~~~~~~~~~~
D:/CyYu/Documents/2026/Programs/moonlight-qt-master/libs/windows/include/detours.h:570:13: note:   conversion of argument 2 would be ill-formed:
D:\CyYu\Documents\2026\Programs\moonlight-qt-master\AntiHooking\antihookingprotection.cpp:28:21: error: invalid conversion from 'HINSTANCE__* (*)(LPCSTR, HANDLE, DWORD)' {aka 'HINSTANCE__* (*)(const char*, void*, long unsigned int)'} to 'PVOID' {aka 'void*'} [-fpermissive]
   28 |         DetourAttach(&(PVOID&)s_RealLoadLibraryExA, LoadLibraryExAHook);
      |         ~~~~~~~~~~~~^~~~~~~~~~~~~~~~~~~~~~~~~~~~~~~~~~~~~~~~~~~~~~~~~~~
      |                     |
      |                     HINSTANCE__* (*)(LPCSTR, HANDLE, DWORD) {aka HINSTANCE__* (*)(const char*, void*, long unsigned int)}
D:\CyYu\Documents\2026\Programs\moonlight-qt-master\AntiHooking\antihookingprotection.cpp:31:21: error: no matching function for call to 'DetourAttach(void**, HINSTANCE__* (&)(LPCWSTR, HANDLE, DWORD))'
   31 |         DetourAttach(&(PVOID&)s_RealLoadLibraryExW, LoadLibraryExWHook);
      |         ~~~~~~~~~~~~^~~~~~~~~~~~~~~~~~~~~~~~~~~~~~~~~~~~~~~~~~~~~~~~~~~
D:/CyYu/Documents/2026/Programs/moonlight-qt-master/libs/windows/include/detours.h:886:6: note: candidate: 'template<class T, typename std::enable_if<DetoursIsFunctionPointer<T>::value, int>::type <anonymous> > LONG DetourAttach(T*, T)'
  886 | LONG DetourAttach(_Inout_ T *ppPointer,
      |      ^~~~~~~~~~~~
D:/CyYu/Documents/2026/Programs/moonlight-qt-master/libs/windows/include/detours.h:886:6: note:   template argument deduction/substitution failed:
D:\CyYu\Documents\2026\Programs\moonlight-qt-master\AntiHooking\antihookingprotection.cpp:31:21: note:   deduced conflicting types for parameter 'T' ('void*' and 'HINSTANCE__* (*)(LPCWSTR, HANDLE, DWORD)' {aka 'HINSTANCE__* (*)(const wchar_t*, void*, long unsigned int)'})
   31 |         DetourAttach(&(PVOID&)s_RealLoadLibraryExW, LoadLibraryExWHook);
      |         ~~~~~~~~~~~~^~~~~~~~~~~~~~~~~~~~~~~~~~~~~~~~~~~~~~~~~~~~~~~~~~~
D:/CyYu/Documents/2026/Programs/moonlight-qt-master/libs/windows/include/detours.h:570:13: note: candidate: 'LONG DetourAttach(void**, PVOID)' (near match)
  570 | LONG WINAPI DetourAttach(_Inout_ PVOID *ppPointer,
      |             ^~~~~~~~~~~~
D:/CyYu/Documents/2026/Programs/moonlight-qt-master/libs/windows/include/detours.h:570:13: note:   conversion of argument 2 would be ill-formed:
D:\CyYu\Documents\2026\Programs\moonlight-qt-master\AntiHooking\antihookingprotection.cpp:31:21: error: invalid conversion from 'HINSTANCE__* (*)(LPCWSTR, HANDLE, DWORD)' {aka 'HINSTANCE__* (*)(const wchar_t*, void*, long unsigned int)'} to 'PVOID' {aka 'void*'} [-fpermissive]
   31 |         DetourAttach(&(PVOID&)s_RealLoadLibraryExW, LoadLibraryExWHook);
      |         ~~~~~~~~~~~~^~~~~~~~~~~~~~~~~~~~~~~~~~~~~~~~~~~~~~~~~~~~~~~~~~~
      |                     |
      |                     HINSTANCE__* (*)(LPCWSTR, HANDLE, DWORD) {aka HINSTANCE__* (*)(const wchar_t*, void*, long unsigned int)}
D:\CyYu\Documents\2026\Programs\moonlight-qt-master\AntiHooking\antihookingprotection.cpp: In static member function 'static bool AntiHookingProtection::isImageBlacklistedW(LPCWSTR)':
D:\CyYu\Documents\2026\Programs\moonlight-qt-master\AntiHooking\antihookingprotection.cpp:69:27: warning: comparison of integer expressions of different signedness: 'int' and 'long long unsigned int' [-Wsign-compare]
   69 |         for (int i = 0; i < ARRAYSIZE(k_BlacklistedDlls); i++) {
      |                           ^
jom: D:\CyYu\Documents\2026\Programs\moonlight-qt-master\build\build-x64-debug\AntiHooking\Makefile.Debug [debug\antihookingprotection.o] Error 1
jom: D:\CyYu\Documents\2026\Programs\moonlight-qt-master\build\build-x64-debug\AntiHooking\Makefile [debug] Error 2
D:\CyYu\Documents\2026\Programs\moonlight-qt-master\moonlight-common-c\moonlight-common-c\src\Platform.c: In function 'setThreadNameWin32':
D:\CyYu\Documents\2026\Programs\moonlight-qt-master\moonlight-common-c\moonlight-common-c\src\Platform.c:41:32: warning: cast between incompatible function types from 'FARPROC' {aka 'long long int (*)()'} to 'HRESULT (*)(void *, const WCHAR *)' {aka 'long int (*)(void *, const short unsigned int *)'} [-Wcast-function-type]
   41 |     setThreadDescriptionFunc = (SetThreadDescription_t)GetProcAddress(GetModuleHandleA("kernel32.dll"), "SetThreadDescription");
      |                                ^
D:\CyYu\Documents\2026\Programs\moonlight-qt-master\moonlight-common-c\moonlight-common-c\src\RtpAudioQueue.c: In function 'validateFecBlockState':
D:\CyYu\Documents\2026\Programs\moonlight-qt-master\moonlight-common-c\moonlight-common-c\src\RtpAudioQueue.c:74:14: warning: unused variable 'lastTs' [-Wunused-variable]
   74 |     uint32_t lastTs = lastBlock->fecHeader.baseTimestamp;
      |              ^~~~~~
D:\CyYu\Documents\2026\Programs\moonlight-qt-master\moonlight-common-c\moonlight-common-c\src\RtpAudioQueue.c:73:14: warning: unused variable 'lastSeqNum' [-Wunused-variable]
   73 |     uint16_t lastSeqNum = lastBlock->fecHeader.baseSequenceNumber;
      |              ^~~~~~~~~~
D:\CyYu\Documents\2026\Programs\moonlight-qt-master\moonlight-common-c\moonlight-common-c\enet\win32.c: In function 'enet_address_set_address':
D:\CyYu\Documents\2026\Programs\moonlight-qt-master\moonlight-common-c\moonlight-common-c\enet\win32.c:154:17: warning: comparison of integer expressions of different signedness: 'socklen_t' {aka 'int'} and 'long long unsigned int' [-Wsign-compare]
  154 |     if (addrlen > sizeof(struct sockaddr_storage))
      |                 ^
D:\CyYu\Documents\2026\Programs\moonlight-qt-master\moonlight-common-c\moonlight-common-c\src\VideoDepacketizer.c:380:13: warning: 'isFillerDataNal' defined but not used [-Wunused-function]
  380 | static bool isFillerDataNal(PBUFFER_DESC buffer) {
      |             ^~~~~~~~~~~~~~~
jom: D:\CyYu\Documents\2026\Programs\moonlight-qt-master\build\build-x64-debug\Makefile [sub-AntiHooking-debug] Error 2
